<?xml version="1.0" encoding="UTF-8"?>
<!-- Generated by org.testng.reporters.JUnitReportReporter -->
<testsuite skipped="0" hostname="Haruns-MBP.attlocal.net" name="com.neotech.lesson01.TitleAndLoginValidation" tests="3" failures="0" timestamp="2023-01-28T14:36:33 EST" time="45.373" errors="0">
  <testcase name="loginValidation" time="21.069" classname="com.neotech.lesson01.TitleAndLoginValidation"/>
  <system-out/>
  <testcase name="logoValidation" time="10.160" classname="com.neotech.lesson01.TitleAndLoginValidation"/>
  <system-out/>
  <testcase name="titleValidation" time="14.144" classname="com.neotech.lesson01.TitleAndLoginValidation"/>
  <system-out/>
</testsuite> <!-- com.neotech.lesson01.TitleAndLoginValidation -->
