<?xml version="1.0" encoding="UTF-8"?>
<!-- Generated by org.testng.reporters.JUnitReportReporter -->
<testsuite skipped="1" hostname="Haruns-MBP.attlocal.net" name="com.neotech.lesson02.Task1" tests="5" failures="0" timestamp="2023-01-29T16:54:23 EST" time="0.016" errors="0">
  <testcase name="fourthMethod" time="0.010" classname="com.neotech.lesson02.Task1"/>
  <system-out/>
  <testcase name="thirdMethod" time="0.002" classname="com.neotech.lesson02.Task1"/>
  <system-out/>
  <testcase name="secondMethod" time="0.002" classname="com.neotech.lesson02.Task1"/>
  <system-out/>
  <testcase name="firstMethod" time="0.002" classname="com.neotech.lesson02.Task1"/>
  <system-out/>
  <testcase name="firstMethod1" classname="com.neotech.lesson02.Task1">
    <skipped/>
  </testcase> <!-- firstMethod1 -->
  <system-out/>
</testsuite> <!-- com.neotech.lesson02.Task1 -->
