<?xml version="1.0" encoding="UTF-8"?>
<!-- Generated by org.testng.reporters.JUnitReportReporter -->
<testsuite skipped="0" hostname="Haruns-MBP.attlocal.net" name="com.neotech.lesson04.Homework1" tests="3" failures="0" timestamp="2023-02-02T19:23:08 EST" time="0.012" errors="0">
  <testcase name="test" time="0.001" classname="com.neotech.lesson04.Homework1"/>
  <system-out/>
  <testcase name="test" time="0.008" classname="com.neotech.lesson04.Homework1"/>
  <system-out/>
  <testcase name="test" time="0.003" classname="com.neotech.lesson04.Homework1"/>
  <system-out/>
</testsuite> <!-- com.neotech.lesson04.Homework1 -->
