<?xml version="1.0" encoding="UTF-8"?>
<!-- Generated by org.testng.reporters.JUnitReportReporter -->
<testsuite skipped="0" hostname="Haruns-MBP.attlocal.net" name="com.neotech.lesson01.TestNGDemo" tests="3" failures="0" timestamp="2023-01-29T15:00:42 EST" time="0.015" errors="0">
  <testcase name="testTwo" time="0.001" classname="com.neotech.lesson01.TestNGDemo"/>
  <system-out/>
  <testcase name="testThree" time="0.004" classname="com.neotech.lesson01.TestNGDemo"/>
  <system-out/>
  <testcase name="testOne" time="0.010" classname="com.neotech.lesson01.TestNGDemo"/>
  <system-out/>
</testsuite> <!-- com.neotech.lesson01.TestNGDemo -->
