<?xml version="1.0" encoding="UTF-8"?>
<!-- Generated by org.testng.reporters.JUnitReportReporter -->
<testsuite skipped="0" hostname="Haruns-MBP.attlocal.net" name="com.neotech.lesson01.Homework1" tests="1" failures="0" timestamp="2023-01-28T15:22:41 EST" time="13.704" errors="0">
  <testcase name="emptyPasswordTest" time="13.704" classname="com.neotech.lesson01.Homework1"/>
  <system-out/>
</testsuite> <!-- com.neotech.lesson01.Homework1 -->
