<?xml version="1.0" encoding="UTF-8"?>
<!-- Generated by org.testng.reporters.JUnitReportReporter -->
<testsuite skipped="0" hostname="Haruns-MacBook-Pro.local" name="com.neotech.lesson03.Task1" tests="3" failures="0" timestamp="2023-02-01T11:10:09 EST" time="111.643" errors="0">
  <testcase name="addEmployee" time="35.727" classname="com.neotech.lesson03.Task1"/>
  <system-out/>
  <testcase name="addEmployee" time="37.708" classname="com.neotech.lesson03.Task1"/>
  <system-out/>
  <testcase name="addEmployee" time="38.208" classname="com.neotech.lesson03.Task1"/>
  <system-out/>
</testsuite> <!-- com.neotech.lesson03.Task1 -->
