<?xml version="1.0" encoding="UTF-8"?>
<!-- Generated by org.testng.reporters.JUnitReportReporter -->
<testsuite skipped="1" hostname="Haruns-MBP.attlocal.net" name="com.neotech.lesson03.Homework1" tests="2" failures="0" timestamp="2023-01-31T20:26:31 EST" time="0.001" errors="0">
  <testcase name="thirdMethod" time="0.001" classname="com.neotech.lesson03.Homework1"/>
  <system-out/>
  <testcase name="firstMethod1" classname="com.neotech.lesson03.Homework1">
    <skipped/>
  </testcase> <!-- firstMethod1 -->
  <system-out/>
</testsuite> <!-- com.neotech.lesson03.Homework1 -->
