<?xml version="1.0" encoding="UTF-8"?>
<!-- Generated by org.testng.reporters.JUnitReportReporter -->
<testsuite skipped="0" hostname="Haruns-MBP.attlocal.net" name="com.neotech.lesson02.Homework1" tests="1" failures="0" timestamp="2023-01-29T11:54:14 EST" time="13.478" errors="0">
  <testcase name="negativeLoginTest" time="13.478" classname="com.neotech.lesson02.Homework1"/>
  <system-out/>
</testsuite> <!-- com.neotech.lesson02.Homework1 -->
