<?xml version="1.0" encoding="UTF-8"?>
<!-- Generated by org.testng.reporters.JUnitReportReporter -->
<testsuite skipped="2" hostname="Haruns-MBP.attlocal.net" name="com.neotech.lesson02.EnableAndDisable" tests="4" failures="0" timestamp="2023-01-29T14:55:40 EST" time="0.014" errors="0">
  <testcase name="firstTest" time="0.011" classname="com.neotech.lesson02.EnableAndDisable"/>
  <system-out/>
  <testcase name="fourthTest" time="0.003" classname="com.neotech.lesson02.EnableAndDisable"/>
  <system-out/>
  <testcase name="secondTest" classname="com.neotech.lesson02.EnableAndDisable">
    <skipped/>
  </testcase> <!-- secondTest -->
  <system-out/>
  <testcase name="thirdTest" classname="com.neotech.lesson02.EnableAndDisable">
    <skipped/>
  </testcase> <!-- thirdTest -->
  <system-out/>
</testsuite> <!-- com.neotech.lesson02.EnableAndDisable -->
