<?xml version="1.0" encoding="UTF-8"?>
<!-- Generated by org.testng.reporters.JUnitReportReporter -->
<testsuite skipped="0" hostname="Haruns-MBP.attlocal.net" name="com.neotech.lesson01.MoreTestNGAnnotations" tests="2" failures="0" timestamp="2023-01-28T12:55:25 EST" time="0.013" errors="0">
  <testcase name="test1" time="0.009" classname="com.neotech.lesson01.MoreTestNGAnnotations"/>
  <system-out/>
  <testcase name="test2" time="0.004" classname="com.neotech.lesson01.MoreTestNGAnnotations"/>
  <system-out/>
</testsuite> <!-- com.neotech.lesson01.MoreTestNGAnnotations -->
