<?xml version="1.0" encoding="UTF-8"?>
<!-- Generated by org.testng.reporters.JUnitReportReporter -->
<testsuite skipped="0" hostname="Haruns-MBP.attlocal.net" name="com.neotech.lesson03.GroupsDemo" tests="3" failures="0" timestamp="2023-01-31T20:26:31 EST" time="0.012" errors="0">
  <testcase name="test4" time="0.001" classname="com.neotech.lesson03.GroupsDemo"/>
  <system-out/>
  <testcase name="test2" time="0.002" classname="com.neotech.lesson03.GroupsDemo"/>
  <system-out/>
  <testcase name="test1" time="0.009" classname="com.neotech.lesson03.GroupsDemo"/>
  <system-out/>
</testsuite> <!-- com.neotech.lesson03.GroupsDemo -->
