<?xml version="1.0" encoding="UTF-8"?>
<!-- Generated by org.testng.reporters.JUnitReportReporter -->
<testsuite skipped="0" hostname="Haruns-MBP.attlocal.net" name="com.neotech.lesson02.Task2" tests="2" failures="0" timestamp="2023-01-29T18:05:45 EST" time="68.305" errors="0">
  <testcase name="labelValidation" time="30.507" classname="com.neotech.lesson02.Task2"/>
  <system-out/>
  <testcase name="addEmployeeValidation" time="37.798" classname="com.neotech.lesson02.Task2"/>
  <system-out/>
</testsuite> <!-- com.neotech.lesson02.Task2 -->
