<?xml version="1.0" encoding="UTF-8"?>
<!-- Generated by org.testng.reporters.JUnitReportReporter -->
<testsuite skipped="0" hostname="Haruns-MBP.attlocal.net" name="com.neotech.lesson01.TestNGAnnotations" tests="1" failures="0" timestamp="2023-01-28T12:30:12 EST" time="0.008" errors="0">
  <testcase name="test3" time="0.008" classname="com.neotech.lesson01.TestNGAnnotations"/>
  <system-out/>
</testsuite> <!-- com.neotech.lesson01.TestNGAnnotations -->
